{"D:\\M.TECH\\M.Tech Labs\\SEM-2\\GenAI FInal Project\\Algo-Arena\\Testing\\be\\controllers\\module.controller.js": {"path":"D:\\M.TECH\\M.Tech Labs\\SEM-2\\GenAI FInal Project\\Algo-Arena\\Testing\\be\\controllers\\module.controller.js","statementMap":{"0":{"start":{"line":1,"column":15},"end":{"line":1,"column":42}},"1":{"start":{"line":2,"column":51},"end":{"line":2,"column":79}},"2":{"start":{"line":3,"column":12},"end":{"line":3,"column":26}},"3":{"start":{"line":4,"column":24},"end":{"line":4,"column":53}},"4":{"start":{"line":5,"column":17},"end":{"line":5,"column":46}},"5":{"start":{"line":8,"column":30},"end":{"line":11,"column":6}},"6":{"start":{"line":13,"column":4},"end":{"line":55,"column":5}},"7":{"start":{"line":14,"column":33},"end":{"line":14,"column":70}},"8":{"start":{"line":15,"column":8},"end":{"line":15,"column":114}},"9":{"start":{"line":15,"column":19},"end":{"line":15,"column":114}},"10":{"start":{"line":17,"column":32},"end":{"line":17,"column":37}},"11":{"start":{"line":18,"column":23},"end":{"line":18,"column":41}},"12":{"start":{"line":20,"column":36},"end":{"line":30,"column":10}},"13":{"start":{"line":32,"column":8},"end":{"line":32,"column":29}},"14":{"start":{"line":33,"column":31},"end":{"line":33,"column":114}},"15":{"start":{"line":33,"column":99},"end":{"line":33,"column":112}},"16":{"start":{"line":34,"column":33},"end":{"line":34,"column":118}},"17":{"start":{"line":34,"column":103},"end":{"line":34,"column":116}},"18":{"start":{"line":35,"column":33},"end":{"line":35,"column":118}},"19":{"start":{"line":35,"column":103},"end":{"line":35,"column":116}},"20":{"start":{"line":37,"column":25},"end":{"line":48,"column":11}},"21":{"start":{"line":37,"column":48},"end":{"line":48,"column":9}},"22":{"start":{"line":40,"column":51},"end":{"line":47,"column":13}},"23":{"start":{"line":43,"column":58},"end":{"line":46,"column":17}},"24":{"start":{"line":50,"column":8},"end":{"line":50,"column":103}},"25":{"start":{"line":53,"column":8},"end":{"line":53,"column":25}},"26":{"start":{"line":54,"column":8},"end":{"line":54,"column":105}},"27":{"start":{"line":59,"column":27},"end":{"line":61,"column":6}},"28":{"start":{"line":62,"column":4},"end":{"line":84,"column":5}},"29":{"start":{"line":63,"column":33},"end":{"line":63,"column":68}},"30":{"start":{"line":65,"column":8},"end":{"line":67,"column":9}},"31":{"start":{"line":66,"column":12},"end":{"line":66,"column":107}},"32":{"start":{"line":69,"column":23},"end":{"line":69,"column":28}},"33":{"start":{"line":70,"column":31},"end":{"line":75,"column":10}},"34":{"start":{"line":77,"column":8},"end":{"line":79,"column":9}},"35":{"start":{"line":78,"column":12},"end":{"line":78,"column":91}},"36":{"start":{"line":81,"column":8},"end":{"line":81,"column":108}},"37":{"start":{"line":83,"column":8},"end":{"line":83,"column":104}},"38":{"start":{"line":88,"column":25},"end":{"line":94,"column":6}},"39":{"start":{"line":96,"column":4},"end":{"line":115,"column":5}},"40":{"start":{"line":97,"column":33},"end":{"line":97,"column":64}},"41":{"start":{"line":99,"column":8},"end":{"line":101,"column":9}},"42":{"start":{"line":100,"column":12},"end":{"line":100,"column":107}},"43":{"start":{"line":103,"column":26},"end":{"line":110,"column":10}},"44":{"start":{"line":112,"column":8},"end":{"line":112,"column":103}},"45":{"start":{"line":114,"column":8},"end":{"line":114,"column":105}},"46":{"start":{"line":119,"column":27},"end":{"line":121,"column":6}},"47":{"start":{"line":123,"column":31},"end":{"line":129,"column":6}},"48":{"start":{"line":131,"column":4},"end":{"line":154,"column":5}},"49":{"start":{"line":132,"column":51},"end":{"line":132,"column":86}},"50":{"start":{"line":134,"column":8},"end":{"line":136,"column":9}},"51":{"start":{"line":135,"column":12},"end":{"line":135,"column":109}},"52":{"start":{"line":138,"column":59},"end":{"line":138,"column":96}},"53":{"start":{"line":140,"column":8},"end":{"line":142,"column":9}},"54":{"start":{"line":141,"column":12},"end":{"line":141,"column":113}},"55":{"start":{"line":144,"column":23},"end":{"line":144,"column":30}},"56":{"start":{"line":145,"column":30},"end":{"line":145,"column":92}},"57":{"start":{"line":147,"column":8},"end":{"line":149,"column":9}},"58":{"start":{"line":148,"column":12},"end":{"line":148,"column":91}},"59":{"start":{"line":151,"column":8},"end":{"line":151,"column":107}},"60":{"start":{"line":153,"column":8},"end":{"line":153,"column":105}},"61":{"start":{"line":158,"column":19},"end":{"line":158,"column":29}},"62":{"start":{"line":159,"column":4},"end":{"line":178,"column":5}},"63":{"start":{"line":160,"column":30},"end":{"line":160,"column":64}},"64":{"start":{"line":161,"column":8},"end":{"line":163,"column":9}},"65":{"start":{"line":162,"column":12},"end":{"line":162,"column":91}},"66":{"start":{"line":165,"column":23},"end":{"line":165,"column":50}},"67":{"start":{"line":166,"column":24},"end":{"line":166,"column":52}},"68":{"start":{"line":168,"column":24},"end":{"line":168,"column":60}},"69":{"start":{"line":169,"column":26},"end":{"line":169,"column":49}},"70":{"start":{"line":169,"column":43},"end":{"line":169,"column":48}},"71":{"start":{"line":171,"column":8},"end":{"line":171,"column":68}},"72":{"start":{"line":172,"column":8},"end":{"line":172,"column":51}},"73":{"start":{"line":174,"column":8},"end":{"line":174,"column":96}},"74":{"start":{"line":176,"column":8},"end":{"line":176,"column":25}},"75":{"start":{"line":177,"column":8},"end":{"line":177,"column":105}},"76":{"start":{"line":181,"column":0},"end":{"line":187,"column":1}}},"fnMap":{"0":{"name":"getAllModules","decl":{"start":{"line":7,"column":15},"end":{"line":7,"column":28}},"loc":{"start":{"line":7,"column":39},"end":{"line":56,"column":1}},"line":7},"1":{"name":"(anonymous_1)","decl":{"start":{"line":33,"column":93},"end":{"line":33,"column":94}},"loc":{"start":{"line":33,"column":99},"end":{"line":33,"column":112}},"line":33},"2":{"name":"(anonymous_2)","decl":{"start":{"line":34,"column":97},"end":{"line":34,"column":98}},"loc":{"start":{"line":34,"column":103},"end":{"line":34,"column":116}},"line":34},"3":{"name":"(anonymous_3)","decl":{"start":{"line":35,"column":97},"end":{"line":35,"column":98}},"loc":{"start":{"line":35,"column":103},"end":{"line":35,"column":116}},"line":35},"4":{"name":"(anonymous_4)","decl":{"start":{"line":37,"column":37},"end":{"line":37,"column":38}},"loc":{"start":{"line":37,"column":48},"end":{"line":48,"column":9}},"line":37},"5":{"name":"(anonymous_5)","decl":{"start":{"line":40,"column":40},"end":{"line":40,"column":41}},"loc":{"start":{"line":40,"column":51},"end":{"line":47,"column":13}},"line":40},"6":{"name":"(anonymous_6)","decl":{"start":{"line":43,"column":46},"end":{"line":43,"column":47}},"loc":{"start":{"line":43,"column":58},"end":{"line":46,"column":17}},"line":43},"7":{"name":"getModuleById","decl":{"start":{"line":58,"column":15},"end":{"line":58,"column":28}},"loc":{"start":{"line":58,"column":39},"end":{"line":85,"column":1}},"line":58},"8":{"name":"createModule","decl":{"start":{"line":87,"column":15},"end":{"line":87,"column":27}},"loc":{"start":{"line":87,"column":38},"end":{"line":116,"column":1}},"line":87},"9":{"name":"editModule","decl":{"start":{"line":118,"column":15},"end":{"line":118,"column":25}},"loc":{"start":{"line":118,"column":36},"end":{"line":155,"column":1}},"line":118},"10":{"name":"deleteModule","decl":{"start":{"line":157,"column":15},"end":{"line":157,"column":27}},"loc":{"start":{"line":157,"column":38},"end":{"line":179,"column":1}},"line":157},"11":{"name":"(anonymous_11)","decl":{"start":{"line":169,"column":38},"end":{"line":169,"column":39}},"loc":{"start":{"line":169,"column":43},"end":{"line":169,"column":48}},"line":169}},"branchMap":{"0":{"loc":{"start":{"line":15,"column":8},"end":{"line":15,"column":114}},"type":"if","locations":[{"start":{"line":15,"column":8},"end":{"line":15,"column":114}},{"start":{},"end":{}}],"line":15},"1":{"loc":{"start":{"line":33,"column":40},"end":{"line":33,"column":71}},"type":"binary-expr","locations":[{"start":{"line":33,"column":40},"end":{"line":33,"column":65}},{"start":{"line":33,"column":69},"end":{"line":33,"column":71}}],"line":33},"2":{"loc":{"start":{"line":34,"column":42},"end":{"line":34,"column":75}},"type":"binary-expr","locations":[{"start":{"line":34,"column":42},"end":{"line":34,"column":69}},{"start":{"line":34,"column":73},"end":{"line":34,"column":75}}],"line":34},"3":{"loc":{"start":{"line":35,"column":42},"end":{"line":35,"column":75}},"type":"binary-expr","locations":[{"start":{"line":35,"column":42},"end":{"line":35,"column":69}},{"start":{"line":35,"column":73},"end":{"line":35,"column":75}}],"line":35},"4":{"loc":{"start":{"line":65,"column":8},"end":{"line":67,"column":9}},"type":"if","locations":[{"start":{"line":65,"column":8},"end":{"line":67,"column":9}},{"start":{},"end":{}}],"line":65},"5":{"loc":{"start":{"line":77,"column":8},"end":{"line":79,"column":9}},"type":"if","locations":[{"start":{"line":77,"column":8},"end":{"line":79,"column":9}},{"start":{},"end":{}}],"line":77},"6":{"loc":{"start":{"line":99,"column":8},"end":{"line":101,"column":9}},"type":"if","locations":[{"start":{"line":99,"column":8},"end":{"line":101,"column":9}},{"start":{},"end":{}}],"line":99},"7":{"loc":{"start":{"line":109,"column":21},"end":{"line":109,"column":40}},"type":"binary-expr","locations":[{"start":{"line":109,"column":21},"end":{"line":109,"column":34}},{"start":{"line":109,"column":38},"end":{"line":109,"column":40}}],"line":109},"8":{"loc":{"start":{"line":134,"column":8},"end":{"line":136,"column":9}},"type":"if","locations":[{"start":{"line":134,"column":8},"end":{"line":136,"column":9}},{"start":{},"end":{}}],"line":134},"9":{"loc":{"start":{"line":140,"column":8},"end":{"line":142,"column":9}},"type":"if","locations":[{"start":{"line":140,"column":8},"end":{"line":142,"column":9}},{"start":{},"end":{}}],"line":140},"10":{"loc":{"start":{"line":147,"column":8},"end":{"line":149,"column":9}},"type":"if","locations":[{"start":{"line":147,"column":8},"end":{"line":149,"column":9}},{"start":{},"end":{}}],"line":147},"11":{"loc":{"start":{"line":161,"column":8},"end":{"line":163,"column":9}},"type":"if","locations":[{"start":{"line":161,"column":8},"end":{"line":163,"column":9}},{"start":{},"end":{}}],"line":161}},"s":{"0":1,"1":1,"2":1,"3":1,"4":1,"5":3,"6":3,"7":3,"8":3,"9":1,"10":2,"11":2,"12":2,"13":1,"14":1,"15":1,"16":1,"17":1,"18":1,"19":1,"20":1,"21":1,"22":1,"23":1,"24":1,"25":1,"26":1,"27":4,"28":4,"29":4,"30":4,"31":1,"32":3,"33":3,"34":2,"35":1,"36":1,"37":1,"38":3,"39":3,"40":3,"41":3,"42":1,"43":2,"44":1,"45":1,"46":5,"47":5,"48":5,"49":5,"50":5,"51":1,"52":4,"53":4,"54":1,"55":3,"56":3,"57":2,"58":1,"59":1,"60":1,"61":3,"62":3,"63":3,"64":2,"65":1,"66":1,"67":1,"68":1,"69":1,"70":1,"71":1,"72":1,"73":1,"74":1,"75":1,"76":1},"f":{"0":3,"1":1,"2":1,"3":1,"4":1,"5":1,"6":1,"7":4,"8":3,"9":5,"10":3,"11":1},"b":{"0":[1,2],"1":[1,0],"2":[1,0],"3":[1,0],"4":[1,3],"5":[1,1],"6":[1,2],"7":[2,2],"8":[1,4],"9":[1,3],"10":[1,1],"11":[1,1]},"_coverageSchema":"1a1c01bbd47fc00a2c39e90264f33305004495a9","hash":"aa59445a8c9befb0b40c696ca1a6ea391721b66f"}
}
