TN:
SF:controllers\module.controller.js
FN:7,getAllModules
FN:33,(anonymous_1)
FN:34,(anonymous_2)
FN:35,(anonymous_3)
FN:37,(anonymous_4)
FN:40,(anonymous_5)
FN:43,(anonymous_6)
FN:58,getModuleById
FN:87,createModule
FN:118,editModule
FN:157,deleteModule
FN:169,(anonymous_11)
FNF:12
FNH:12
FNDA:3,getAllModules
FNDA:1,(anonymous_1)
FNDA:1,(anonymous_2)
FNDA:1,(anonymous_3)
FNDA:1,(anonymous_4)
FNDA:1,(anonymous_5)
FNDA:1,(anonymous_6)
FNDA:4,getModuleById
FNDA:3,createModule
FNDA:5,editModule
FNDA:3,deleteModule
FNDA:1,(anonymous_11)
DA:1,1
DA:2,1
DA:3,1
DA:4,1
DA:5,1
DA:8,3
DA:13,3
DA:14,3
DA:15,3
DA:17,2
DA:18,2
DA:20,2
DA:32,1
DA:33,1
DA:34,1
DA:35,1
DA:37,1
DA:40,1
DA:43,1
DA:50,1
DA:53,1
DA:54,1
DA:59,4
DA:62,4
DA:63,4
DA:65,4
DA:66,1
DA:69,3
DA:70,3
DA:77,2
DA:78,1
DA:81,1
DA:83,1
DA:88,3
DA:96,3
DA:97,3
DA:99,3
DA:100,1
DA:103,2
DA:112,1
DA:114,1
DA:119,5
DA:123,5
DA:131,5
DA:132,5
DA:134,5
DA:135,1
DA:138,4
DA:140,4
DA:141,1
DA:144,3
DA:145,3
DA:147,2
DA:148,1
DA:151,1
DA:153,1
DA:158,3
DA:159,3
DA:160,3
DA:161,2
DA:162,1
DA:165,1
DA:166,1
DA:168,1
DA:169,1
DA:171,1
DA:172,1
DA:174,1
DA:176,1
DA:177,1
DA:181,1
LF:71
LH:71
BRDA:15,0,0,1
BRDA:15,0,1,2
BRDA:33,1,0,1
BRDA:33,1,1,0
BRDA:34,2,0,1
BRDA:34,2,1,0
BRDA:35,3,0,1
BRDA:35,3,1,0
BRDA:65,4,0,1
BRDA:65,4,1,3
BRDA:77,5,0,1
BRDA:77,5,1,1
BRDA:99,6,0,1
BRDA:99,6,1,2
BRDA:109,7,0,2
BRDA:109,7,1,2
BRDA:134,8,0,1
BRDA:134,8,1,4
BRDA:140,9,0,1
BRDA:140,9,1,3
BRDA:147,10,0,1
BRDA:147,10,1,1
BRDA:161,11,0,1
BRDA:161,11,1,1
BRF:24
BRH:21
end_of_record
